---------- Date: 2017-04-02 10:09:37 ~ IP : 176.37.120.203 ----------
REQUEST URI : /admin/index.php?route=catalog/product&token=xnoHTpLyAPOktZYQBBWhB2WLao3fHLOD
MOD DETAILS:
   modFile   : /sata1/home/users/gorshki/www/www.gorshki.com.ua/vqmod/xml/exchange1c.xml
   id        : exchange1c
   version   : 1.1
   vqmver    : 
   author    : zenwalker (http://zenwalker.ru/)

File Name    : admin/model/catalog/*.php(0)
VQModObject::applyMod - SEARCH NOT FOUND (ABORTING MOD): $this->event->trigger

----------------------------------------------------------------------


---------- Date: 2017-04-02 10:09:41 ~ IP : 176.37.120.203 ----------
REQUEST URI : /admin/index.php?route=catalog/ocfilter/callback&token=xnoHTpLyAPOktZYQBBWhB2WLao3fHLOD&category_id=9&product_id=83
MOD DETAILS:
   modFile   : /sata1/home/users/gorshki/www/www.gorshki.com.ua/vqmod/xml/exchange1c.xml
   id        : exchange1c
   version   : 1.1
   vqmver    : 
   author    : zenwalker (http://zenwalker.ru/)

File Name    : admin/model/catalog/*.php(0)
VQModObject::applyMod - SEARCH NOT FOUND (ABORTING MOD): $this->event->trigger

----------------------------------------------------------------------


