---------- Date: 2017-03-31 00:36:00 ~ IP : 37.229.111.244 ----------
REQUEST URI : /admin/index.php?route=extension/modification/refresh&token=61d8tBQTrCQxXEHGL6kq5lv5tz1Ag2nG
MOD DETAILS:
   modFile   : /sata1/home/users/gorshki/www/www.gorshki.com.ua/vqmod/xml/cookie_low.xml
   id        : EU Cookie Law - top, bottom, floating
   version   : 
   vqmver    : 2.X
   author    : arveo
VQModObject::parseMods - Could not resolve path for [catalog/language/hungarian/common/footer.php] (SKIPPED)
VQModObject::parseMods - Could not resolve path for [admin/language/hungarian/setting/setting.php] (SKIPPED)

----------------------------------------------------------------------


---------- Date: 2017-03-31 00:36:44 ~ IP : 37.229.111.244 ----------
REQUEST URI : /admin/index.php?route=extension/modification/refresh&token=61d8tBQTrCQxXEHGL6kq5lv5tz1Ag2nG
MOD DETAILS:
   modFile   : /sata1/home/users/gorshki/www/www.gorshki.com.ua/vqmod/xml/cookie_low.xml
   id        : EU Cookie Law - top, bottom, floating
   version   : 
   vqmver    : 2.X
   author    : arveo
VQModObject::parseMods - Could not resolve path for [catalog/language/hungarian/common/footer.php] (SKIPPED)
VQModObject::parseMods - Could not resolve path for [admin/language/hungarian/setting/setting.php] (SKIPPED)

----------------------------------------------------------------------


---------- Date: 2017-03-31 00:37:25 ~ IP : 37.229.111.244 ----------
REQUEST URI : /admin/index.php?route=extension/modification/refresh&token=61d8tBQTrCQxXEHGL6kq5lv5tz1Ag2nG
MOD DETAILS:
   modFile   : /sata1/home/users/gorshki/www/www.gorshki.com.ua/vqmod/xml/cookie_low.xml
   id        : EU Cookie Law - top, bottom, floating
   version   : 
   vqmver    : 2.X
   author    : arveo
VQModObject::parseMods - Could not resolve path for [catalog/language/hungarian/common/footer.php] (SKIPPED)
VQModObject::parseMods - Could not resolve path for [admin/language/hungarian/setting/setting.php] (SKIPPED)

----------------------------------------------------------------------


---------- Date: 2017-03-31 00:38:19 ~ IP : 37.229.111.244 ----------
REQUEST URI : /admin/index.php?route=extension/modification/refresh&token=61d8tBQTrCQxXEHGL6kq5lv5tz1Ag2nG
MOD DETAILS:
   modFile   : /sata1/home/users/gorshki/www/www.gorshki.com.ua/vqmod/xml/cookie_low.xml
   id        : EU Cookie Law - top, bottom, floating
   version   : 
   vqmver    : 2.X
   author    : arveo
VQModObject::parseMods - Could not resolve path for [catalog/language/hungarian/common/footer.php] (SKIPPED)
VQModObject::parseMods - Could not resolve path for [admin/language/hungarian/setting/setting.php] (SKIPPED)

----------------------------------------------------------------------


---------- Date: 2017-03-31 00:39:03 ~ IP : 37.229.111.244 ----------
REQUEST URI : /admin/index.php?route=extension/modification&token=61d8tBQTrCQxXEHGL6kq5lv5tz1Ag2nG
MOD DETAILS:
   modFile   : /sata1/home/users/gorshki/www/www.gorshki.com.ua/vqmod/xml/cookie_low.xml
   id        : EU Cookie Law - top, bottom, floating
   version   : 
   vqmver    : 2.X
   author    : arveo
VQModObject::parseMods - Could not resolve path for [catalog/language/hungarian/common/footer.php] (SKIPPED)
VQModObject::parseMods - Could not resolve path for [admin/language/hungarian/setting/setting.php] (SKIPPED)

----------------------------------------------------------------------


---------- Date: 2017-03-31 00:44:18 ~ IP : 37.229.111.244 ----------
REQUEST URI : /admin/index.php?route=extension/modification&token=61d8tBQTrCQxXEHGL6kq5lv5tz1Ag2nG
MOD DETAILS:
   modFile   : /sata1/home/users/gorshki/www/www.gorshki.com.ua/vqmod/xml/cookie_low.xml
   id        : EU Cookie Law - top, bottom, floating
   version   : 
   vqmver    : 2.X
   author    : arveo
VQModObject::parseMods - Could not resolve path for [catalog/language/hungarian/common/footer.php] (SKIPPED)
VQModObject::parseMods - Could not resolve path for [admin/language/hungarian/setting/setting.php] (SKIPPED)

----------------------------------------------------------------------


---------- Date: 2017-03-31 00:46:00 ~ IP : 37.229.111.244 ----------
REQUEST URI : /index.php?route=product/product&product_id=48&search=&category_id=0&page=4
MOD DETAILS:
   modFile   : /sata1/home/users/gorshki/www/www.gorshki.com.ua/vqmod/xml/cookie_low.xml
   id        : EU Cookie Law - top, bottom, floating
   version   : 
   vqmver    : 2.X
   author    : arveo
VQModObject::parseMods - Could not resolve path for [catalog/language/hungarian/common/footer.php] (SKIPPED)
VQModObject::parseMods - Could not resolve path for [admin/language/hungarian/setting/setting.php] (SKIPPED)

----------------------------------------------------------------------


---------- Date: 2017-03-31 02:40:55 ~ IP : 164.132.161.2 ----------
REQUEST URI : /index.php?route=product/product&path=7&product_id=25
MOD DETAILS:
   modFile   : /sata1/home/users/gorshki/www/www.gorshki.com.ua/vqmod/xml/exchange1c.xml
   id        : exchange1c
   version   : 1.1
   vqmver    : 
   author    : zenwalker (http://zenwalker.ru/)

File Name    : system/library/image.php(0)
VQModObject::applyMod - SEARCH NOT FOUND (ABORTING MOD): $this->image = $this->create($file);

----------------------------------------------------------------------


---------- Date: 2017-03-31 05:51:49 ~ IP : 164.132.161.45 ----------
REQUEST URI : /index.php?route=product/quickview&product_id=144
MOD DETAILS:
   modFile   : /sata1/home/users/gorshki/www/www.gorshki.com.ua/vqmod/xml/product_option_image_pro.xml
   id        : Product Option Image PRO / Изображения опций PRO
   version   : 2.1.4
   vqmver    : 2.5.X
   author    : Support: support@liveopencart.com / Поддержка: help@liveopencart.ru

File Name    : catalog/view/theme/*/template/product/quickview.tpl(6)
VQModObject::applyMod - SEARCH NOT FOUND (ABORTING MOD): ~<\?php echo \$footer; \?>|<\?php echo \$footer;\?>|</body>~
----------------------------------------------------------------------


---------- Date: 2017-03-31 10:28:42 ~ IP : 37.229.111.244 ----------
REQUEST URI : /
MOD DETAILS:
   modFile   : /sata1/home/users/gorshki/www/www.gorshki.com.ua/vqmod/xml/cookie_low.xml
   id        : EU Cookie Law - top, bottom, floating
   version   : 
   vqmver    : 2.X
   author    : arveo
VQModObject::parseMods - Could not resolve path for [catalog/language/hungarian/common/footer.php] (SKIPPED)
VQModObject::parseMods - Could not resolve path for [admin/language/hungarian/setting/setting.php] (SKIPPED)

----------------------------------------------------------------------


---------- Date: 2017-03-31 10:29:55 ~ IP : 37.229.111.244 ----------
REQUEST URI : /
MOD DETAILS:
   modFile   : /sata1/home/users/gorshki/www/www.gorshki.com.ua/vqmod/xml/cookie_low.xml
   id        : EU Cookie Law - top, bottom, floating
   version   : 
   vqmver    : 2.X
   author    : arveo
VQModObject::parseMods - Could not resolve path for [catalog/language/hungarian/common/footer.php] (SKIPPED)
VQModObject::parseMods - Could not resolve path for [admin/language/hungarian/setting/setting.php] (SKIPPED)

----------------------------------------------------------------------


---------- Date: 2017-03-31 10:31:27 ~ IP : 37.229.111.244 ----------
REQUEST URI : /index.php?route=product/product&product_id=48&search=&category_id=0&page=4
MOD DETAILS:
   modFile   : /sata1/home/users/gorshki/www/www.gorshki.com.ua/vqmod/xml/cookie_low.xml
   id        : EU Cookie Law - top, bottom, floating
   version   : 
   vqmver    : 2.X
   author    : arveo
VQModObject::parseMods - Could not resolve path for [catalog/language/hungarian/common/footer.php] (SKIPPED)
VQModObject::parseMods - Could not resolve path for [admin/language/hungarian/setting/setting.php] (SKIPPED)

----------------------------------------------------------------------


---------- Date: 2017-03-31 10:48:47 ~ IP : 37.229.111.244 ----------
REQUEST URI : /admin/index.php?route=extension/modification/refresh&token=S9xQfoDLnPEE2hfwD3N7Yn7WCfQ9jB2o
MOD DETAILS:
   modFile   : /sata1/home/users/gorshki/www/www.gorshki.com.ua/vqmod/xml/cookie_low.xml
   id        : EU Cookie Law - top, bottom, floating
   version   : 
   vqmver    : 2.X
   author    : arveo
VQModObject::parseMods - Could not resolve path for [catalog/language/hungarian/common/footer.php] (SKIPPED)
VQModObject::parseMods - Could not resolve path for [admin/language/hungarian/setting/setting.php] (SKIPPED)

----------------------------------------------------------------------


---------- Date: 2017-03-31 11:54:19 ~ IP : 66.249.66.156 ----------
REQUEST URI : /index.php?route=product/product&product_id=58
MOD DETAILS:
   modFile   : /sata1/home/users/gorshki/www/www.gorshki.com.ua/vqmod/xml/exchange1c.xml
   id        : exchange1c
   version   : 1.1
   vqmver    : 
   author    : zenwalker (http://zenwalker.ru/)

File Name    : system/library/image.php(0)
VQModObject::applyMod - SEARCH NOT FOUND (ABORTING MOD): $this->image = $this->create($file);

----------------------------------------------------------------------


---------- Date: 2017-03-31 13:19:21 ~ IP : 37.229.111.244 ----------
REQUEST URI : /index.php?route=product/product&product_id=48&search=&category_id=0&page=4
MOD DETAILS:
   modFile   : /sata1/home/users/gorshki/www/www.gorshki.com.ua/vqmod/xml/cookie_low.xml
   id        : EU Cookie Law - top, bottom, floating
   version   : 
   vqmver    : 2.X
   author    : arveo
VQModObject::parseMods - Could not resolve path for [catalog/language/hungarian/common/footer.php] (SKIPPED)
VQModObject::parseMods - Could not resolve path for [admin/language/hungarian/setting/setting.php] (SKIPPED)

----------------------------------------------------------------------


---------- Date: 2017-03-31 13:25:57 ~ IP : 37.229.111.244 ----------
REQUEST URI : /admin/index.php?route=extension/modification/refresh&token=S9xQfoDLnPEE2hfwD3N7Yn7WCfQ9jB2o
MOD DETAILS:
   modFile   : /sata1/home/users/gorshki/www/www.gorshki.com.ua/vqmod/xml/cookie_low.xml
   id        : EU Cookie Law - top, bottom, floating
   version   : 
   vqmver    : 2.X
   author    : arveo
VQModObject::parseMods - Could not resolve path for [catalog/language/hungarian/common/footer.php] (SKIPPED)
VQModObject::parseMods - Could not resolve path for [admin/language/hungarian/setting/setting.php] (SKIPPED)

----------------------------------------------------------------------


---------- Date: 2017-03-31 13:36:46 ~ IP : 37.229.111.244 ----------
REQUEST URI : /admin/index.php?route=extension/modification/refresh&token=S9xQfoDLnPEE2hfwD3N7Yn7WCfQ9jB2o
MOD DETAILS:
   modFile   : /sata1/home/users/gorshki/www/www.gorshki.com.ua/vqmod/xml/cookie_low.xml
   id        : EU Cookie Law - top, bottom, floating
   version   : 
   vqmver    : 2.X
   author    : arveo
VQModObject::parseMods - Could not resolve path for [catalog/language/hungarian/common/footer.php] (SKIPPED)
VQModObject::parseMods - Could not resolve path for [admin/language/hungarian/setting/setting.php] (SKIPPED)

----------------------------------------------------------------------


---------- Date: 2017-03-31 13:38:38 ~ IP : 37.229.111.244 ----------
REQUEST URI : /admin/index.php?route=extension/modification/refresh&token=S9xQfoDLnPEE2hfwD3N7Yn7WCfQ9jB2o
MOD DETAILS:
   modFile   : /sata1/home/users/gorshki/www/www.gorshki.com.ua/vqmod/xml/cookie_low.xml
   id        : EU Cookie Law - top, bottom, floating
   version   : 
   vqmver    : 2.X
   author    : arveo
VQModObject::parseMods - Could not resolve path for [catalog/language/hungarian/common/footer.php] (SKIPPED)
VQModObject::parseMods - Could not resolve path for [admin/language/hungarian/setting/setting.php] (SKIPPED)

----------------------------------------------------------------------


---------- Date: 2017-03-31 13:52:21 ~ IP : 37.229.111.244 ----------
REQUEST URI : /admin/index.php?route=extension/modification/refresh&token=S9xQfoDLnPEE2hfwD3N7Yn7WCfQ9jB2o
MOD DETAILS:
   modFile   : /sata1/home/users/gorshki/www/www.gorshki.com.ua/vqmod/xml/cookie_low.xml
   id        : EU Cookie Law - top, bottom, floating
   version   : 
   vqmver    : 2.X
   author    : arveo
VQModObject::parseMods - Could not resolve path for [catalog/language/hungarian/common/footer.php] (SKIPPED)
VQModObject::parseMods - Could not resolve path for [admin/language/hungarian/setting/setting.php] (SKIPPED)

----------------------------------------------------------------------


---------- Date: 2017-03-31 14:22:42 ~ IP : 66.249.64.30 ----------
REQUEST URI : /index.php?route=product/quickview&product_id=172
MOD DETAILS:
   modFile   : /sata1/home/users/gorshki/www/www.gorshki.com.ua/vqmod/xml/product_option_image_pro.xml
   id        : Product Option Image PRO / Изображения опций PRO
   version   : 2.1.4
   vqmver    : 2.5.X
   author    : Support: support@liveopencart.com / Поддержка: help@liveopencart.ru

File Name    : catalog/view/theme/*/template/product/quickview.tpl(6)
VQModObject::applyMod - SEARCH NOT FOUND (ABORTING MOD): ~<\?php echo \$footer; \?>|<\?php echo \$footer;\?>|</body>~
----------------------------------------------------------------------


---------- Date: 2017-03-31 15:47:24 ~ IP : 37.229.111.244 ----------
REQUEST URI : /admin/index.php?route=catalog/product&token=qvyoCLqApr5p0a6BeKCVhgZdiANVekR0
MOD DETAILS:
   modFile   : /sata1/home/users/gorshki/www/www.gorshki.com.ua/vqmod/xml/exchange1c.xml
   id        : exchange1c
   version   : 1.1
   vqmver    : 
   author    : zenwalker (http://zenwalker.ru/)

File Name    : admin/model/catalog/*.php(0)
VQModObject::applyMod - SEARCH NOT FOUND (ABORTING MOD): $this->event->trigger

----------------------------------------------------------------------


---------- Date: 2017-03-31 15:47:32 ~ IP : 37.229.111.244 ----------
REQUEST URI : /admin/index.php?route=catalog/ocfilter/callback&token=qvyoCLqApr5p0a6BeKCVhgZdiANVekR0&category_id=9&product_id=83
MOD DETAILS:
   modFile   : /sata1/home/users/gorshki/www/www.gorshki.com.ua/vqmod/xml/exchange1c.xml
   id        : exchange1c
   version   : 1.1
   vqmver    : 
   author    : zenwalker (http://zenwalker.ru/)

File Name    : admin/model/catalog/*.php(0)
VQModObject::applyMod - SEARCH NOT FOUND (ABORTING MOD): $this->event->trigger

----------------------------------------------------------------------


---------- Date: 2017-03-31 15:47:53 ~ IP : 37.229.111.244 ----------
REQUEST URI : /admin/index.php?route=catalog/product/edit&token=qvyoCLqApr5p0a6BeKCVhgZdiANVekR0&product_id=48&filter_name=%D0%9A%D0%BE%D0%BB%D0%B5%D0%BA%D1%86%D0%B8%D1%8F+%D0%9A%D1%81%D0%B5%D0%BD%D0%B8%D1%8F+%D0%BF%D0%B5%D1%80%D0%BB%D0%B0%D0%BC%D1%83%D1%82%D1%80
MOD DETAILS:
   modFile   : /sata1/home/users/gorshki/www/www.gorshki.com.ua/vqmod/xml/exchange1c.xml
   id        : exchange1c
   version   : 1.1
   vqmver    : 
   author    : zenwalker (http://zenwalker.ru/)

File Name    : system/library/image.php(0)
VQModObject::applyMod - SEARCH NOT FOUND (ABORTING MOD): $this->image = $this->create($file);

----------------------------------------------------------------------


---------- Date: 2017-03-31 16:28:45 ~ IP : 37.229.111.244 ----------
REQUEST URI : /index.php?route=product/product&product_id=48&search=&category_id=0&page=4
MOD DETAILS:
   modFile   : /sata1/home/users/gorshki/www/www.gorshki.com.ua/vqmod/xml/cookie_low.xml
   id        : EU Cookie Law - top, bottom, floating
   version   : 
   vqmver    : 2.X
   author    : arveo
VQModObject::parseMods - Could not resolve path for [catalog/language/hungarian/common/footer.php] (SKIPPED)
VQModObject::parseMods - Could not resolve path for [admin/language/hungarian/setting/setting.php] (SKIPPED)

----------------------------------------------------------------------


---------- Date: 2017-03-31 16:29:00 ~ IP : 37.229.111.244 ----------
REQUEST URI : /index.php?route=product/quickview&product_id=175
MOD DETAILS:
   modFile   : /sata1/home/users/gorshki/www/www.gorshki.com.ua/vqmod/xml/product_option_image_pro.xml
   id        : Product Option Image PRO / Изображения опций PRO
   version   : 2.1.4
   vqmver    : 2.5.X
   author    : Support: support@liveopencart.com / Поддержка: help@liveopencart.ru

File Name    : catalog/view/theme/*/template/product/quickview.tpl(6)
VQModObject::applyMod - SEARCH NOT FOUND (ABORTING MOD): ~<\?php echo \$footer; \?>|<\?php echo \$footer;\?>|</body>~
----------------------------------------------------------------------


---------- Date: 2017-03-31 16:29:04 ~ IP : 37.229.111.244 ----------
REQUEST URI : /index.php?route=product/product&product_id=79
MOD DETAILS:
   modFile   : /sata1/home/users/gorshki/www/www.gorshki.com.ua/vqmod/xml/exchange1c.xml
   id        : exchange1c
   version   : 1.1
   vqmver    : 
   author    : zenwalker (http://zenwalker.ru/)

File Name    : system/library/image.php(0)
VQModObject::applyMod - SEARCH NOT FOUND (ABORTING MOD): $this->image = $this->create($file);

----------------------------------------------------------------------


---------- Date: 2017-03-31 19:17:45 ~ IP : 37.229.111.244 ----------
REQUEST URI : /admin/index.php?route=extension/modification/refresh&token=1o9Z5AgbG8Xnzi7MY47iNR7dzS2eUoi1
MOD DETAILS:
   modFile   : /sata1/home/users/gorshki/www/www.gorshki.com.ua/vqmod/xml/cookie_low.xml
   id        : EU Cookie Law - top, bottom, floating
   version   : 
   vqmver    : 2.X
   author    : arveo
VQModObject::parseMods - Could not resolve path for [catalog/language/hungarian/common/footer.php] (SKIPPED)
VQModObject::parseMods - Could not resolve path for [admin/language/hungarian/setting/setting.php] (SKIPPED)

----------------------------------------------------------------------


---------- Date: 2017-03-31 19:20:18 ~ IP : 66.249.64.27 ----------
REQUEST URI : /index.php?route=product/quickview&product_id=168
MOD DETAILS:
   modFile   : /sata1/home/users/gorshki/www/www.gorshki.com.ua/vqmod/xml/product_option_image_pro.xml
   id        : Product Option Image PRO / Изображения опций PRO
   version   : 2.1.4
   vqmver    : 2.5.X
   author    : Support: support@liveopencart.com / Поддержка: help@liveopencart.ru

File Name    : catalog/view/theme/*/template/product/quickview.tpl(6)
VQModObject::applyMod - SEARCH NOT FOUND (ABORTING MOD): ~<\?php echo \$footer; \?>|<\?php echo \$footer;\?>|</body>~
----------------------------------------------------------------------


---------- Date: 2017-03-31 20:34:08 ~ IP : 66.249.64.30 ----------
REQUEST URI : /index.php?route=product/product&product_id=76
MOD DETAILS:
   modFile   : /sata1/home/users/gorshki/www/www.gorshki.com.ua/vqmod/xml/exchange1c.xml
   id        : exchange1c
   version   : 1.1
   vqmver    : 
   author    : zenwalker (http://zenwalker.ru/)

File Name    : system/library/image.php(0)
VQModObject::applyMod - SEARCH NOT FOUND (ABORTING MOD): $this->image = $this->create($file);

----------------------------------------------------------------------


